[debug] [2019-10-31T19:39:01.121Z] ----------------------------------------------------------------------
[debug] [2019-10-31T19:39:01.125Z] Command:       C:\Program Files\nodejs\node.exe C:\Users\KIIT_Intern\AppData\Roaming\npm\node_modules\firebase-tools\lib\bin\firebase.js init
[debug] [2019-10-31T19:39:01.125Z] CLI Version:   7.6.2
[debug] [2019-10-31T19:39:01.125Z] Platform:      win32
[debug] [2019-10-31T19:39:01.125Z] Node Version:  v10.16.0
[debug] [2019-10-31T19:39:01.127Z] Time:          Fri Nov 01 2019 01:09:01 GMT+0530 (India Standard Time)
[debug] [2019-10-31T19:39:01.127Z] ----------------------------------------------------------------------
[debug] [2019-10-31T19:39:01.127Z] 
[debug] [2019-10-31T19:39:01.147Z] > command requires scopes: ["email","openid","https://www.googleapis.com/auth/cloudplatformprojects.readonly","https://www.googleapis.com/auth/firebase","https://www.googleapis.com/auth/cloud-platform"]
[debug] [2019-10-31T19:39:01.148Z] > authorizing via signed-in user
[info] 
     ######## #### ########  ######## ########     ###     ######  ########
     ##        ##  ##     ## ##       ##     ##  ##   ##  ##       ##
     ######    ##  ########  ######   ########  #########  ######  ######
     ##        ##  ##    ##  ##       ##     ## ##     ##       ## ##
     ##       #### ##     ## ######## ########  ##     ##  ######  ########

You're about to initialize a Firebase project in this directory:

  D:\ecommerce

[debug] [2019-10-31T19:41:23.768Z] Error: kill ENOSYS
    at process.kill (internal/process/per_thread.js:198:13)
    at process.listener (C:\Users\KIIT_Intern\AppData\Roaming\npm\node_modules\firebase-tools\node_modules\signal-exit\index.js:95:15)
    at process.emit (events.js:198:13)
[error] 
[error] Error: An unexpected error has occurred.
